{"C:\\Users\\jaire\\Desktop\\Cotizador\\server\\src\\router.ts": {"path":"C:\\Users\\jaire\\Desktop\\Cotizador\\server\\src\\router.ts","statementMap":{"0":{"start":{"line":1,"column":0},"end":{"line":1,"column":32}},"1":{"start":{"line":2,"column":0},"end":{"line":2,"column":47}},"2":{"start":{"line":3,"column":0},"end":{"line":3,"column":110}},"3":{"start":{"line":4,"column":0},"end":{"line":4,"column":137}},"4":{"start":{"line":5,"column":0},"end":{"line":5,"column":48}},"5":{"start":{"line":7,"column":23},"end":{"line":7,"column":31}},"6":{"start":{"line":128,"column":8},"end":{"line":128,"column":22}},"7":{"start":{"line":9,"column":19},"end":{"line":9,"column":27}},"8":{"start":{"line":128,"column":24},"end":{"line":128,"column":34}},"9":{"start":{"line":13,"column":0},"end":{"line":16,"column":null}},"10":{"start":{"line":19,"column":0},"end":{"line":24,"column":null}},"11":{"start":{"line":27,"column":0},"end":{"line":40,"column":null}},"12":{"start":{"line":34,"column":25},"end":{"line":34,"column":34}},"13":{"start":{"line":43,"column":0},"end":{"line":57,"column":null}},"14":{"start":{"line":51,"column":25},"end":{"line":51,"column":34}},"15":{"start":{"line":59,"column":0},"end":{"line":64,"column":null}},"16":{"start":{"line":68,"column":0},"end":{"line":70,"column":null}},"17":{"start":{"line":73,"column":0},"end":{"line":75,"column":null}},"18":{"start":{"line":79,"column":0},"end":{"line":98,"column":null}},"19":{"start":{"line":92,"column":25},"end":{"line":92,"column":34}},"20":{"start":{"line":101,"column":0},"end":{"line":108,"column":null}},"21":{"start":{"line":111,"column":0},"end":{"line":118,"column":null}},"22":{"start":{"line":121,"column":0},"end":{"line":126,"column":null}}},"fnMap":{"0":{"name":"(anonymous_0)","decl":{"start":{"line":34,"column":16},"end":{"line":34,"column":21}},"loc":{"start":{"line":34,"column":25},"end":{"line":34,"column":34}}},"1":{"name":"(anonymous_1)","decl":{"start":{"line":51,"column":16},"end":{"line":51,"column":21}},"loc":{"start":{"line":51,"column":25},"end":{"line":51,"column":34}}},"2":{"name":"(anonymous_2)","decl":{"start":{"line":92,"column":16},"end":{"line":92,"column":21}},"loc":{"start":{"line":92,"column":25},"end":{"line":92,"column":34}}}},"branchMap":{},"s":{"0":3,"1":3,"2":3,"3":3,"4":3,"5":3,"6":3,"7":3,"8":3,"9":3,"10":3,"11":3,"12":6,"13":3,"14":6,"15":3,"16":3,"17":3,"18":3,"19":6,"20":3,"21":3,"22":3},"f":{"0":6,"1":6,"2":6},"b":{}}
,"C:\\Users\\jaire\\Desktop\\Cotizador\\server\\src\\server.ts": {"path":"C:\\Users\\jaire\\Desktop\\Cotizador\\server\\src\\server.ts","statementMap":{"0":{"start":{"line":1,"column":0},"end":{"line":1,"column":29}},"1":{"start":{"line":2,"column":0},"end":{"line":2,"column":27}},"2":{"start":{"line":3,"column":0},"end":{"line":3,"column":53}},"3":{"start":{"line":4,"column":0},"end":{"line":4,"column":28}},"4":{"start":{"line":8,"column":4},"end":{"line":16,"column":5}},"5":{"start":{"line":9,"column":8},"end":{"line":9,"column":null}},"6":{"start":{"line":11,"column":8},"end":{"line":11,"column":null}},"7":{"start":{"line":15,"column":8},"end":{"line":15,"column":null}},"8":{"start":{"line":19,"column":0},"end":{"line":19,"column":null}},"9":{"start":{"line":22,"column":15},"end":{"line":22,"column":24}},"10":{"start":{"line":25,"column":0},"end":{"line":25,"column":null}},"11":{"start":{"line":28,"column":0},"end":{"line":28,"column":null}},"12":{"start":{"line":30,"column":0},"end":{"line":30,"column":null}},"13":{"start":{"line":32,"column":0},"end":{"line":34,"column":null}},"14":{"start":{"line":33,"column":4},"end":{"line":33,"column":null}},"15":{"start":{"line":36,"column":0},"end":{"line":36,"column":null}}},"fnMap":{"0":{"name":"connectDB","decl":{"start":{"line":7,"column":15},"end":{"line":7,"column":24}},"loc":{"start":{"line":7,"column":24},"end":{"line":17,"column":1}}},"1":{"name":"(anonymous_2)","decl":{"start":{"line":32,"column":19},"end":{"line":32,"column":20}},"loc":{"start":{"line":32,"column":32},"end":{"line":34,"column":1}}}},"branchMap":{},"s":{"0":3,"1":3,"2":3,"3":3,"4":3,"5":3,"6":2,"7":0,"8":3,"9":3,"10":3,"11":3,"12":3,"13":3,"14":1,"15":3},"f":{"0":3,"1":1},"b":{}}
,"C:\\Users\\jaire\\Desktop\\Cotizador\\server\\src\\config\\db.ts": {"path":"C:\\Users\\jaire\\Desktop\\Cotizador\\server\\src\\config\\db.ts","statementMap":{"0":{"start":{"line":1,"column":0},"end":{"line":1,"column":48}},"1":{"start":{"line":2,"column":0},"end":{"line":2,"column":27}},"2":{"start":{"line":4,"column":0},"end":{"line":4,"column":null}},"3":{"start":{"line":7,"column":11},"end":{"line":10,"column":2}},"4":{"start":{"line":20,"column":0},"end":{"line":20,"column":null}}},"fnMap":{},"branchMap":{},"s":{"0":3,"1":3,"2":3,"3":3,"4":3},"f":{},"b":{}}
,"C:\\Users\\jaire\\Desktop\\Cotizador\\server\\src\\handlers\\cart.ts": {"path":"C:\\Users\\jaire\\Desktop\\Cotizador\\server\\src\\handlers\\cart.ts","statementMap":{"0":{"start":{"line":2,"column":0},"end":{"line":2,"column":39}},"1":{"start":{"line":3,"column":0},"end":{"line":3,"column":45}},"2":{"start":{"line":6,"column":31},"end":{"line":14,"column":1}},"3":{"start":{"line":7,"column":21},"end":{"line":12,"column":6}},"4":{"start":{"line":13,"column":4},"end":{"line":13,"column":31}},"5":{"start":{"line":6,"column":13},"end":{"line":6,"column":31}},"6":{"start":{"line":17,"column":28},"end":{"line":28,"column":1}},"7":{"start":{"line":18,"column":21},"end":{"line":18,"column":41}},"8":{"start":{"line":20,"column":18},"end":{"line":22,"column":9}},"9":{"start":{"line":21,"column":8},"end":{"line":21,"column":null}},"10":{"start":{"line":23,"column":4},"end":{"line":27,"column":5}},"11":{"start":{"line":24,"column":8},"end":{"line":24,"column":null}},"12":{"start":{"line":26,"column":8},"end":{"line":26,"column":null}},"13":{"start":{"line":17,"column":13},"end":{"line":17,"column":28}},"14":{"start":{"line":31,"column":33},"end":{"line":41,"column":1}},"15":{"start":{"line":32,"column":22},"end":{"line":32,"column":40}},"16":{"start":{"line":33,"column":20},"end":{"line":33,"column":53}},"17":{"start":{"line":34,"column":4},"end":{"line":40,"column":5}},"18":{"start":{"line":35,"column":8},"end":{"line":35,"column":null}},"19":{"start":{"line":36,"column":8},"end":{"line":36,"column":15}},"20":{"start":{"line":38,"column":28},"end":{"line":38,"column":55}},"21":{"start":{"line":39,"column":8},"end":{"line":39,"column":52}},"22":{"start":{"line":31,"column":13},"end":{"line":31,"column":33}},"23":{"start":{"line":44,"column":32},"end":{"line":56,"column":1}},"24":{"start":{"line":45,"column":26},"end":{"line":45,"column":36}},"25":{"start":{"line":46,"column":20},"end":{"line":46,"column":50}},"26":{"start":{"line":47,"column":4},"end":{"line":52,"column":5}},"27":{"start":{"line":48,"column":8},"end":{"line":50,"column":null}},"28":{"start":{"line":51,"column":8},"end":{"line":51,"column":15}},"29":{"start":{"line":53,"column":4},"end":{"line":53,"column":null}},"30":{"start":{"line":54,"column":4},"end":{"line":54,"column":null}},"31":{"start":{"line":55,"column":4},"end":{"line":55,"column":null}},"32":{"start":{"line":44,"column":13},"end":{"line":44,"column":32}},"33":{"start":{"line":59,"column":32},"end":{"line":75,"column":1}},"34":{"start":{"line":60,"column":26},"end":{"line":60,"column":36}},"35":{"start":{"line":61,"column":20},"end":{"line":61,"column":50}},"36":{"start":{"line":62,"column":4},"end":{"line":67,"column":5}},"37":{"start":{"line":63,"column":8},"end":{"line":65,"column":null}},"38":{"start":{"line":66,"column":8},"end":{"line":66,"column":15}},"39":{"start":{"line":68,"column":4},"end":{"line":72,"column":5}},"40":{"start":{"line":69,"column":8},"end":{"line":69,"column":null}},"41":{"start":{"line":71,"column":8},"end":{"line":71,"column":null}},"42":{"start":{"line":73,"column":4},"end":{"line":73,"column":null}},"43":{"start":{"line":74,"column":4},"end":{"line":74,"column":null}},"44":{"start":{"line":59,"column":13},"end":{"line":59,"column":32}},"45":{"start":{"line":78,"column":33},"end":{"line":92,"column":1}},"46":{"start":{"line":80,"column":26},"end":{"line":80,"column":36}},"47":{"start":{"line":83,"column":24},"end":{"line":83,"column":54}},"48":{"start":{"line":86,"column":4},"end":{"line":91,"column":5}},"49":{"start":{"line":87,"column":8},"end":{"line":87,"column":null}},"50":{"start":{"line":89,"column":8},"end":{"line":89,"column":null}},"51":{"start":{"line":90,"column":8},"end":{"line":90,"column":null}},"52":{"start":{"line":78,"column":13},"end":{"line":78,"column":33}}},"fnMap":{"0":{"name":"(anonymous_1)","decl":{"start":{"line":6,"column":31},"end":{"line":6,"column":36}},"loc":{"start":{"line":6,"column":71},"end":{"line":14,"column":1}}},"1":{"name":"(anonymous_2)","decl":{"start":{"line":17,"column":28},"end":{"line":17,"column":33}},"loc":{"start":{"line":17,"column":68},"end":{"line":28,"column":1}}},"2":{"name":"(anonymous_3)","decl":{"start":{"line":20,"column":34},"end":{"line":20,"column":35}},"loc":{"start":{"line":20,"column":53},"end":{"line":22,"column":5}}},"3":{"name":"(anonymous_4)","decl":{"start":{"line":31,"column":33},"end":{"line":31,"column":38}},"loc":{"start":{"line":31,"column":73},"end":{"line":41,"column":1}}},"4":{"name":"(anonymous_5)","decl":{"start":{"line":44,"column":32},"end":{"line":44,"column":37}},"loc":{"start":{"line":44,"column":72},"end":{"line":56,"column":1}}},"5":{"name":"(anonymous_6)","decl":{"start":{"line":59,"column":32},"end":{"line":59,"column":37}},"loc":{"start":{"line":59,"column":72},"end":{"line":75,"column":1}}},"6":{"name":"(anonymous_7)","decl":{"start":{"line":78,"column":33},"end":{"line":78,"column":38}},"loc":{"start":{"line":78,"column":73},"end":{"line":92,"column":1}}}},"branchMap":{"0":{"loc":{"start":{"line":23,"column":4},"end":{"line":27,"column":5}},"type":"if","locations":[{"start":{"line":23,"column":4},"end":{"line":27,"column":5}},{"start":{"line":25,"column":11},"end":{"line":27,"column":5}}]},"1":{"loc":{"start":{"line":34,"column":4},"end":{"line":40,"column":5}},"type":"if","locations":[{"start":{"line":34,"column":4},"end":{"line":40,"column":5}},{"start":{"line":37,"column":11},"end":{"line":40,"column":5}}]},"2":{"loc":{"start":{"line":47,"column":4},"end":{"line":52,"column":5}},"type":"if","locations":[{"start":{"line":47,"column":4},"end":{"line":52,"column":5}}]},"3":{"loc":{"start":{"line":62,"column":4},"end":{"line":67,"column":5}},"type":"if","locations":[{"start":{"line":62,"column":4},"end":{"line":67,"column":5}}]},"4":{"loc":{"start":{"line":68,"column":4},"end":{"line":72,"column":5}},"type":"if","locations":[{"start":{"line":68,"column":4},"end":{"line":72,"column":5}},{"start":{"line":70,"column":11},"end":{"line":72,"column":5}}]},"5":{"loc":{"start":{"line":86,"column":4},"end":{"line":91,"column":5}},"type":"if","locations":[{"start":{"line":86,"column":4},"end":{"line":91,"column":5}},{"start":{"line":88,"column":9},"end":{"line":91,"column":5}}]}},"s":{"0":3,"1":3,"2":3,"3":2,"4":2,"5":3,"6":3,"7":3,"8":3,"9":2,"10":3,"11":1,"12":2,"13":3,"14":3,"15":3,"16":3,"17":3,"18":1,"19":1,"20":2,"21":2,"22":3,"23":3,"24":2,"25":2,"26":2,"27":1,"28":1,"29":1,"30":1,"31":1,"32":3,"33":3,"34":2,"35":2,"36":2,"37":1,"38":1,"39":1,"40":1,"41":0,"42":1,"43":1,"44":3,"45":3,"46":2,"47":2,"48":2,"49":1,"50":1,"51":1,"52":3},"f":{"0":2,"1":3,"2":2,"3":3,"4":2,"5":2,"6":2},"b":{"0":[1,2],"1":[1,2],"2":[1],"3":[1],"4":[1,0],"5":[1,1]}}
,"C:\\Users\\jaire\\Desktop\\Cotizador\\server\\src\\handlers\\product.ts": {"path":"C:\\Users\\jaire\\Desktop\\Cotizador\\server\\src\\handlers\\product.ts","statementMap":{"0":{"start":{"line":2,"column":0},"end":{"line":2,"column":45}},"1":{"start":{"line":3,"column":0},"end":{"line":3,"column":39}},"2":{"start":{"line":5,"column":27},"end":{"line":13,"column":1}},"3":{"start":{"line":6,"column":21},"end":{"line":11,"column":6}},"4":{"start":{"line":12,"column":4},"end":{"line":12,"column":31}},"5":{"start":{"line":5,"column":13},"end":{"line":5,"column":27}},"6":{"start":{"line":15,"column":30},"end":{"line":28,"column":1}},"7":{"start":{"line":17,"column":26},"end":{"line":17,"column":36}},"8":{"start":{"line":19,"column":20},"end":{"line":19,"column":53}},"9":{"start":{"line":21,"column":4},"end":{"line":26,"column":5}},"10":{"start":{"line":22,"column":8},"end":{"line":24,"column":null}},"11":{"start":{"line":25,"column":8},"end":{"line":25,"column":15}},"12":{"start":{"line":27,"column":4},"end":{"line":27,"column":null}},"13":{"start":{"line":15,"column":13},"end":{"line":15,"column":30}},"14":{"start":{"line":30,"column":29},"end":{"line":33,"column":1}},"15":{"start":{"line":31,"column":20},"end":{"line":31,"column":50}},"16":{"start":{"line":32,"column":4},"end":{"line":32,"column":42}},"17":{"start":{"line":30,"column":13},"end":{"line":30,"column":29}},"18":{"start":{"line":35,"column":30},"end":{"line":62,"column":1}},"19":{"start":{"line":37,"column":26},"end":{"line":37,"column":36}},"20":{"start":{"line":39,"column":20},"end":{"line":39,"column":53}},"21":{"start":{"line":42,"column":24},"end":{"line":42,"column":54}},"22":{"start":{"line":44,"column":4},"end":{"line":49,"column":5}},"23":{"start":{"line":45,"column":8},"end":{"line":47,"column":null}},"24":{"start":{"line":48,"column":8},"end":{"line":48,"column":15}},"25":{"start":{"line":51,"column":4},"end":{"line":51,"column":null}},"26":{"start":{"line":52,"column":4},"end":{"line":52,"column":null}},"27":{"start":{"line":55,"column":4},"end":{"line":61,"column":5}},"28":{"start":{"line":56,"column":8},"end":{"line":56,"column":null}},"29":{"start":{"line":58,"column":8},"end":{"line":58,"column":null}},"30":{"start":{"line":59,"column":8},"end":{"line":59,"column":null}},"31":{"start":{"line":60,"column":8},"end":{"line":60,"column":null}},"32":{"start":{"line":35,"column":13},"end":{"line":35,"column":30}},"33":{"start":{"line":64,"column":29},"end":{"line":90,"column":1}},"34":{"start":{"line":66,"column":26},"end":{"line":66,"column":36}},"35":{"start":{"line":68,"column":20},"end":{"line":68,"column":53}},"36":{"start":{"line":71,"column":24},"end":{"line":71,"column":54}},"37":{"start":{"line":73,"column":4},"end":{"line":78,"column":5}},"38":{"start":{"line":74,"column":8},"end":{"line":76,"column":null}},"39":{"start":{"line":77,"column":8},"end":{"line":77,"column":15}},"40":{"start":{"line":81,"column":4},"end":{"line":89,"column":5}},"41":{"start":{"line":83,"column":8},"end":{"line":83,"column":null}},"42":{"start":{"line":84,"column":8},"end":{"line":84,"column":null}},"43":{"start":{"line":86,"column":8},"end":{"line":86,"column":null}},"44":{"start":{"line":87,"column":8},"end":{"line":87,"column":null}},"45":{"start":{"line":88,"column":8},"end":{"line":88,"column":null}},"46":{"start":{"line":64,"column":13},"end":{"line":64,"column":29}}},"fnMap":{"0":{"name":"(anonymous_1)","decl":{"start":{"line":5,"column":27},"end":{"line":5,"column":32}},"loc":{"start":{"line":5,"column":67},"end":{"line":13,"column":1}}},"1":{"name":"(anonymous_2)","decl":{"start":{"line":15,"column":30},"end":{"line":15,"column":35}},"loc":{"start":{"line":15,"column":70},"end":{"line":28,"column":1}}},"2":{"name":"(anonymous_3)","decl":{"start":{"line":30,"column":29},"end":{"line":30,"column":34}},"loc":{"start":{"line":30,"column":69},"end":{"line":33,"column":1}}},"3":{"name":"(anonymous_4)","decl":{"start":{"line":35,"column":30},"end":{"line":35,"column":35}},"loc":{"start":{"line":35,"column":70},"end":{"line":62,"column":1}}},"4":{"name":"(anonymous_5)","decl":{"start":{"line":64,"column":29},"end":{"line":64,"column":34}},"loc":{"start":{"line":64,"column":69},"end":{"line":90,"column":1}}}},"branchMap":{"0":{"loc":{"start":{"line":21,"column":4},"end":{"line":26,"column":5}},"type":"if","locations":[{"start":{"line":21,"column":4},"end":{"line":26,"column":5}}]},"1":{"loc":{"start":{"line":44,"column":4},"end":{"line":49,"column":5}},"type":"if","locations":[{"start":{"line":44,"column":4},"end":{"line":49,"column":5}}]},"2":{"loc":{"start":{"line":55,"column":4},"end":{"line":61,"column":5}},"type":"if","locations":[{"start":{"line":55,"column":4},"end":{"line":61,"column":5}},{"start":{"line":57,"column":9},"end":{"line":61,"column":5}}]},"3":{"loc":{"start":{"line":73,"column":4},"end":{"line":78,"column":5}},"type":"if","locations":[{"start":{"line":73,"column":4},"end":{"line":78,"column":5}}]},"4":{"loc":{"start":{"line":81,"column":4},"end":{"line":89,"column":5}},"type":"if","locations":[{"start":{"line":81,"column":4},"end":{"line":89,"column":5}},{"start":{"line":85,"column":9},"end":{"line":89,"column":5}}]}},"s":{"0":3,"1":3,"2":3,"3":2,"4":2,"5":3,"6":3,"7":2,"8":2,"9":2,"10":1,"11":1,"12":1,"13":3,"14":3,"15":3,"16":3,"17":3,"18":3,"19":3,"20":3,"21":3,"22":3,"23":1,"24":1,"25":2,"26":2,"27":2,"28":1,"29":1,"30":1,"31":1,"32":3,"33":3,"34":3,"35":3,"36":3,"37":3,"38":1,"39":1,"40":2,"41":1,"42":1,"43":1,"44":1,"45":1,"46":3},"f":{"0":2,"1":2,"2":3,"3":3,"4":3},"b":{"0":[1],"1":[1],"2":[1,1],"3":[1],"4":[1,1]}}
,"C:\\Users\\jaire\\Desktop\\Cotizador\\server\\src\\middleware\\index.ts": {"path":"C:\\Users\\jaire\\Desktop\\Cotizador\\server\\src\\middleware\\index.ts","statementMap":{"0":{"start":{"line":2,"column":0},"end":{"line":2,"column":53}},"1":{"start":{"line":4,"column":33},"end":{"line":11,"column":1}},"2":{"start":{"line":5,"column":17},"end":{"line":5,"column":38}},"3":{"start":{"line":6,"column":4},"end":{"line":9,"column":5}},"4":{"start":{"line":7,"column":8},"end":{"line":7,"column":null}},"5":{"start":{"line":8,"column":8},"end":{"line":8,"column":15}},"6":{"start":{"line":10,"column":4},"end":{"line":10,"column":null}},"7":{"start":{"line":4,"column":13},"end":{"line":4,"column":33}}},"fnMap":{"0":{"name":"(anonymous_0)","decl":{"start":{"line":4,"column":33},"end":{"line":4,"column":34}},"loc":{"start":{"line":4,"column":88},"end":{"line":11,"column":1}}}},"branchMap":{"0":{"loc":{"start":{"line":6,"column":4},"end":{"line":9,"column":5}},"type":"if","locations":[{"start":{"line":6,"column":4},"end":{"line":9,"column":5}}]}},"s":{"0":3,"1":3,"2":38,"3":38,"4":18,"5":18,"6":20,"7":3},"f":{"0":38},"b":{"0":[18]}}
,"C:\\Users\\jaire\\Desktop\\Cotizador\\server\\src\\models\\Cart.model.ts": {"path":"C:\\Users\\jaire\\Desktop\\Cotizador\\server\\src\\models\\Cart.model.ts","statementMap":{"0":{"start":{"line":1,"column":0},"end":{"line":1,"column":92}},"1":{"start":{"line":2,"column":0},"end":{"line":2,"column":37}},"2":{"start":{"line":8,"column":0},"end":{"line":41,"column":null}},"3":{"start":{"line":16,"column":12},"end":{"line":16,"column":null}},"4":{"start":{"line":9,"column":22},"end":{"line":9,"column":29}},"5":{"start":{"line":21,"column":12},"end":{"line":21,"column":null}},"6":{"start":{"line":26,"column":12},"end":{"line":26,"column":null}},"7":{"start":{"line":31,"column":12},"end":{"line":31,"column":null}},"8":{"start":{"line":36,"column":12},"end":{"line":36,"column":null}},"9":{"start":{"line":40,"column":4},"end":{"line":40,"column":null}},"10":{"start":{"line":39,"column":21},"end":{"line":39,"column":28}},"11":{"start":{"line":8,"column":6},"end":{"line":41,"column":null}},"12":{"start":{"line":43,"column":0},"end":{"line":43,"column":null}}},"fnMap":{"0":{"name":"(anonymous_3)","decl":{"start":{"line":9,"column":16},"end":{"line":9,"column":19}},"loc":{"start":{"line":9,"column":22},"end":{"line":9,"column":29}}},"1":{"name":"(anonymous_4)","decl":{"start":{"line":39,"column":15},"end":{"line":39,"column":18}},"loc":{"start":{"line":39,"column":21},"end":{"line":39,"column":28}}}},"branchMap":{},"s":{"0":3,"1":3,"2":3,"3":3,"4":3,"5":3,"6":3,"7":3,"8":3,"9":3,"10":6,"11":3,"12":3},"f":{"0":3,"1":6},"b":{}}
,"C:\\Users\\jaire\\Desktop\\Cotizador\\server\\src\\models\\Product.model.ts": {"path":"C:\\Users\\jaire\\Desktop\\Cotizador\\server\\src\\models\\Product.model.ts","statementMap":{"0":{"start":{"line":1,"column":0},"end":{"line":1,"column":69}},"1":{"start":{"line":7,"column":0},"end":{"line":30,"column":null}},"2":{"start":{"line":13,"column":12},"end":{"line":13,"column":null}},"3":{"start":{"line":18,"column":12},"end":{"line":18,"column":null}},"4":{"start":{"line":24,"column":12},"end":{"line":24,"column":null}},"5":{"start":{"line":29,"column":12},"end":{"line":29,"column":null}},"6":{"start":{"line":7,"column":6},"end":{"line":30,"column":null}},"7":{"start":{"line":33,"column":0},"end":{"line":33,"column":null}}},"fnMap":{},"branchMap":{},"s":{"0":3,"1":3,"2":3,"3":3,"4":3,"5":3,"6":3,"7":3},"f":{},"b":{}}
}
