TN:
SF:src\router.ts
FN:34,(anonymous_0)
FN:51,(anonymous_1)
FN:92,(anonymous_2)
FNF:3
FNH:3
FNDA:6,(anonymous_0)
FNDA:6,(anonymous_1)
FNDA:6,(anonymous_2)
DA:1,3
DA:2,3
DA:3,3
DA:4,3
DA:5,3
DA:7,3
DA:9,3
DA:13,3
DA:19,3
DA:27,3
DA:34,6
DA:43,3
DA:51,6
DA:59,3
DA:68,3
DA:73,3
DA:79,3
DA:92,6
DA:101,3
DA:111,3
DA:121,3
DA:128,3
LF:22
LH:22
BRF:0
BRH:0
end_of_record
TN:
SF:src\server.ts
FN:7,connectDB
FN:32,(anonymous_2)
FNF:2
FNH:2
FNDA:3,connectDB
FNDA:1,(anonymous_2)
DA:1,3
DA:2,3
DA:3,3
DA:4,3
DA:8,3
DA:9,3
DA:11,2
DA:15,0
DA:19,3
DA:22,3
DA:25,3
DA:28,3
DA:30,3
DA:32,3
DA:33,1
DA:36,3
LF:16
LH:15
BRF:0
BRH:0
end_of_record
TN:
SF:src\config\db.ts
FNF:0
FNH:0
DA:1,3
DA:2,3
DA:4,3
DA:7,3
DA:20,3
LF:5
LH:5
BRF:0
BRH:0
end_of_record
TN:
SF:src\handlers\cart.ts
FN:6,(anonymous_1)
FN:17,(anonymous_2)
FN:20,(anonymous_3)
FN:31,(anonymous_4)
FN:44,(anonymous_5)
FN:59,(anonymous_6)
FN:78,(anonymous_7)
FNF:7
FNH:7
FNDA:2,(anonymous_1)
FNDA:3,(anonymous_2)
FNDA:2,(anonymous_3)
FNDA:3,(anonymous_4)
FNDA:2,(anonymous_5)
FNDA:2,(anonymous_6)
FNDA:2,(anonymous_7)
DA:2,3
DA:3,3
DA:6,3
DA:7,2
DA:13,2
DA:17,3
DA:18,3
DA:20,3
DA:21,2
DA:23,3
DA:24,1
DA:26,2
DA:31,3
DA:32,3
DA:33,3
DA:34,3
DA:35,1
DA:36,1
DA:38,2
DA:39,2
DA:44,3
DA:45,2
DA:46,2
DA:47,2
DA:48,1
DA:51,1
DA:53,1
DA:54,1
DA:55,1
DA:59,3
DA:60,2
DA:61,2
DA:62,2
DA:63,1
DA:66,1
DA:68,1
DA:69,1
DA:71,0
DA:73,1
DA:74,1
DA:78,3
DA:80,2
DA:83,2
DA:86,2
DA:87,1
DA:89,1
DA:90,1
LF:47
LH:46
BRDA:23,0,0,1
BRDA:23,0,1,2
BRDA:34,1,0,1
BRDA:34,1,1,2
BRDA:47,2,0,1
BRDA:62,3,0,1
BRDA:68,4,0,1
BRDA:68,4,1,0
BRDA:86,5,0,1
BRDA:86,5,1,1
BRF:10
BRH:9
end_of_record
TN:
SF:src\handlers\product.ts
FN:5,(anonymous_1)
FN:15,(anonymous_2)
FN:30,(anonymous_3)
FN:35,(anonymous_4)
FN:64,(anonymous_5)
FNF:5
FNH:5
FNDA:2,(anonymous_1)
FNDA:2,(anonymous_2)
FNDA:3,(anonymous_3)
FNDA:3,(anonymous_4)
FNDA:3,(anonymous_5)
DA:2,3
DA:3,3
DA:5,3
DA:6,2
DA:12,2
DA:15,3
DA:17,2
DA:19,2
DA:21,2
DA:22,1
DA:25,1
DA:27,1
DA:30,3
DA:31,3
DA:32,3
DA:35,3
DA:37,3
DA:39,3
DA:42,3
DA:44,3
DA:45,1
DA:48,1
DA:51,2
DA:52,2
DA:55,2
DA:56,1
DA:58,1
DA:59,1
DA:60,1
DA:64,3
DA:66,3
DA:68,3
DA:71,3
DA:73,3
DA:74,1
DA:77,1
DA:81,2
DA:83,1
DA:84,1
DA:86,1
DA:87,1
DA:88,1
LF:42
LH:42
BRDA:21,0,0,1
BRDA:44,1,0,1
BRDA:55,2,0,1
BRDA:55,2,1,1
BRDA:73,3,0,1
BRDA:81,4,0,1
BRDA:81,4,1,1
BRF:7
BRH:7
end_of_record
TN:
SF:src\middleware\index.ts
FN:4,(anonymous_0)
FNF:1
FNH:1
FNDA:38,(anonymous_0)
DA:2,3
DA:4,3
DA:5,38
DA:6,38
DA:7,18
DA:8,18
DA:10,20
LF:7
LH:7
BRDA:6,0,0,18
BRF:1
BRH:1
end_of_record
TN:
SF:src\models\Cart.model.ts
FN:9,(anonymous_3)
FN:39,(anonymous_4)
FNF:2
FNH:2
FNDA:3,(anonymous_3)
FNDA:6,(anonymous_4)
DA:1,3
DA:2,3
DA:8,3
DA:9,3
DA:16,3
DA:21,3
DA:26,3
DA:31,3
DA:36,3
DA:39,6
DA:40,3
DA:43,3
LF:12
LH:12
BRF:0
BRH:0
end_of_record
TN:
SF:src\models\Product.model.ts
FNF:0
FNH:0
DA:1,3
DA:7,3
DA:13,3
DA:18,3
DA:24,3
DA:29,3
DA:33,3
LF:7
LH:7
BRF:0
BRH:0
end_of_record
